Building DAG of jobs...
Using shell: /bin/bash
Provided cores: 1 (use --cores to define parallelism)
Rules claiming more threads will be scaled down.
Job stats:
job              count    min threads    max threads
-------------  -------  -------------  -------------
all                  1              1              1
update_report        1              1              1
total                2              1              1

Select jobs to execute...

[Fri Nov 18 07:51:04 2022]
rule update_report:
    input: plots/ReadLengthByAvgEE.png, plots/ReadCountOverMaxEE.png
    output: Report.pdf
    jobid: 1
    reason: Updated input files: plots/ReadLengthByAvgEE.png, plots/ReadCountOverMaxEE.png
    resources: tmpdir=/var/folders/88/kxtrpbsj7mg68w7mlprrsbvr0000gn/T

[Fri Nov 18 07:51:09 2022]
Error in rule update_report:
    jobid: 1
    input: plots/ReadLengthByAvgEE.png, plots/ReadCountOverMaxEE.png
    output: Report.pdf
    shell:
        pandoc Report.md -o Report.pdf
        (one of the commands exited with non-zero exit code; note that snakemake uses bash strict mode!)

Shutting down, this might take some time.
Exiting because a job execution failed. Look above for error message
Complete log: .snakemake/log/2022-11-18T075057.632823.snakemake.log
